


------
teste------


	---Rodada n° 1




------
teste------


	---Rodada n° 1




------
teste------


	---Rodada n° 1




------
jh------


	---Rodada n° 1




------
hsjagd------


	---Rodada n° 1




------
sss------


	---Rodada n° 1




------
sss------


	---Rodada n° 1




------
sss------


	---Rodada n° 1




------
sss------


	---Rodada n° 1




------
s------


	---Rodada n° 1




------
s------


	---Rodada n° 1




------
s------


	---Rodada n° 1




------
ss------


	---Rodada n° 1




------
s------


	---Rodada n° 1




------
sss------


	---Rodada n° 1




------
s------


	---Rodada n° 1




------
ss------


	---Rodada n° 1




------
s------


	---Rodada n° 1




------
s------


	---Rodada n° 1




------
s------


	---Rodada n° 1




------
sss------


	---Rodada n° 1




------
ss------


	---Rodada n° 1




------
sss------


	---Rodada n° 1




------
s------


	---Rodada n° 1




------
ss------


	---Rodada n° 1




------
s------


	---Rodada n° 1




------
s------


	---Rodada n° 1




------
ss------


	---Rodada n° 1




------
s------


	---Rodada n° 1




------
s------


	---Rodada n° 1




------
s------


	---Rodada n° 1




------
s------


	---Rodada n° 1




------
s------


	---Rodada n° 1




------
s------


	---Rodada n° 1




------
s------


	---Rodada n° 1




------
s------


	---Rodada n° 1




------
s------


	---Rodada n° 1




------
s------


	---Rodada n° 1




------
s------


	---Rodada n° 1




------
s------


	---Rodada n° 1




------
ss------


	---Rodada n° 1




------
s------


	---Rodada n° 1




------
ss------


	---Rodada n° 1




------
kjfng------


	---Rodada n° 1




------
ss------


	---Rodada n° 1




------
sss------


	---Rodada n° 1




------
sss------


	---Rodada n° 1




------
ss------


	---Rodada n° 1




------
ss------


	---Rodada n° 1




------
sss------


	---Rodada n° 1




------
ss------


	---Rodada n° 1




------
jhasiu------


	---Rodada n° 1




init caete --- 30 PLSs
--init-time--Wed Oct  2 08:25:06 2019

--CAETE-in-filled--Wed Oct  2 08:25:06 2019
Iniciando multiprocessing - chunks mode



------
------


	---Rodada n° 1




init caete --- 30 PLSs
--init-time--Wed Oct  2 08:38:47 2019

--CAETE-in-filled--Wed Oct  2 08:38:47 2019
Iniciando multiprocessing - chunks mode



------
testing------


	---Rodada n° 1




init caete --- 30 PLSs
--init-time--Wed Oct  2 08:42:24 2019

--CAETE-in-filled--Wed Oct  2 08:42:24 2019
Iniciando multiprocessing - chunks mode



------
testing------


	---Rodada n° 1




init caete --- 30 PLSs
--init-time--Wed Oct  2 08:43:57 2019

--CAETE-in-filled--Wed Oct  2 08:43:57 2019
Iniciando multiprocessing - chunks mode



------
hjhk------


	---Rodada n° 1




init caete --- 30 PLSs
--init-time--Wed Oct  2 08:55:27 2019

--CAETE-in-filled--Wed Oct  2 08:55:27 2019
Iniciando multiprocessing - chunks mode



------
vcghg------


	---Rodada n° 1




init caete --- 30 PLSs
--init-time--Wed Oct  2 08:56:50 2019

--CAETE-in-filled--Wed Oct  2 08:56:50 2019
Iniciando multiprocessing - chunks mode



------
hgjg------


	---Rodada n° 1




------
soidos------


	---Rodada n° 1




init caete --- 30 PLSs
--init-time--Wed Oct  2 14:28:29 2019

--CAETE-in-filled--Wed Oct  2 14:28:29 2019
Iniciando multiprocessing - chunks mode
