


------
teste------


	---Rodada n° 1




------
teste------


	---Rodada n° 1




------
teste------


	---Rodada n° 1




------
jh------


	---Rodada n° 1




------
hsjagd------


	---Rodada n° 1




------
sss------


	---Rodada n° 1




------
sss------


	---Rodada n° 1




------
sss------


	---Rodada n° 1




------
sss------


	---Rodada n° 1




------
s------


	---Rodada n° 1




------
s------


	---Rodada n° 1




------
s------


	---Rodada n° 1




------
ss------


	---Rodada n° 1




------
s------


	---Rodada n° 1




------
sss------


	---Rodada n° 1




------
s------


	---Rodada n° 1




------
ss------


	---Rodada n° 1




------
s------


	---Rodada n° 1




------
s------


	---Rodada n° 1




------
s------


	---Rodada n° 1




------
sss------


	---Rodada n° 1




------
ss------


	---Rodada n° 1




------
sss------


	---Rodada n° 1




------
s------


	---Rodada n° 1




------
ss------


	---Rodada n° 1




------
s------


	---Rodada n° 1




------
s------


	---Rodada n° 1




------
ss------


	---Rodada n° 1




------
s------


	---Rodada n° 1




------
s------


	---Rodada n° 1




------
s------


	---Rodada n° 1




------
s------


	---Rodada n° 1




------
s------


	---Rodada n° 1




------
s------


	---Rodada n° 1




------
s------


	---Rodada n° 1




------
s------


	---Rodada n° 1




------
s------


	---Rodada n° 1




------
s------


	---Rodada n° 1




------
s------


	---Rodada n° 1

